2023-12-24 20:17:16,147 INFO o.a.j.u.JMeterUtils: Setting Locale to en_EN
2023-12-24 20:17:16,166 INFO o.a.j.JMeter: Loading user properties from: /usr/local/Cellar/jmeter/5.5/libexec/bin/user.properties
2023-12-24 20:17:16,167 INFO o.a.j.JMeter: Loading system properties from: /usr/local/Cellar/jmeter/5.5/libexec/bin/system.properties
2023-12-24 20:17:16,172 INFO o.a.j.JMeter: Copyright (c) 1998-2022 The Apache Software Foundation
2023-12-24 20:17:16,172 INFO o.a.j.JMeter: Version 5.5
2023-12-24 20:17:16,172 INFO o.a.j.JMeter: java.version=21.0.1
2023-12-24 20:17:16,172 INFO o.a.j.JMeter: java.vm.name=OpenJDK 64-Bit Server VM
2023-12-24 20:17:16,172 INFO o.a.j.JMeter: os.name=Mac OS X
2023-12-24 20:17:16,172 INFO o.a.j.JMeter: os.arch=x86_64
2023-12-24 20:17:16,172 INFO o.a.j.JMeter: os.version=13.4.1
2023-12-24 20:17:16,172 INFO o.a.j.JMeter: file.encoding=UTF-8
2023-12-24 20:17:16,172 INFO o.a.j.JMeter: java.awt.headless=null
2023-12-24 20:17:16,172 INFO o.a.j.JMeter: Max memory     =1073741824
2023-12-24 20:17:16,173 INFO o.a.j.JMeter: Available Processors =16
2023-12-24 20:17:16,181 INFO o.a.j.JMeter: Default Locale=English (EN)
2023-12-24 20:17:16,182 INFO o.a.j.JMeter: JMeter  Locale=English (EN)
2023-12-24 20:17:16,182 INFO o.a.j.JMeter: JMeterHome=/usr/local/Cellar/jmeter/5.5/libexec
2023-12-24 20:17:16,182 INFO o.a.j.JMeter: user.dir  =/Users/Project/Turing/Java/JavaEE5thBatch
2023-12-24 20:17:16,182 INFO o.a.j.JMeter: PWD       =/Users/Project/Turing/Java/JavaEE5thBatch
2023-12-24 20:17:16,183 INFO o.a.j.JMeter: IP: 192.168.1.9 Name: MacBooks-MacBook-Pro.local FullName: 192.168.1.9
2023-12-24 20:17:16,187 INFO o.a.j.JMeter: Loaded icon properties from org/apache/jmeter/images/icon.properties
2023-12-24 20:17:16,588 INFO o.a.j.JMeterGuiLauncher: Setting LAF to: com.github.weisj.darklaf.DarkLaf:com.github.weisj.darklaf.theme.DarculaTheme
2023-12-24 20:17:18,321 INFO o.j.r.JARSourceHTTP: Found cached repo
2023-12-24 20:17:18,496 INFO o.j.r.PluginManager: Plugins Status: [jpgc-plugins-manager=1.7, jmeter-core=5.5, jmeter-ftp=5.5, jmeter-http=5.5, jmeter-jdbc=5.5, jmeter-jms=5.5, jmeter-junit=5.5, jmeter-java=5.5, jmeter-ldap=5.5, jmeter-mail=5.5, jmeter-mongodb=5.5, jmeter-native=5.5, jmeter-tcp=5.5, jmeter-components=5.5]
2023-12-24 20:17:18,497 INFO o.j.r.PluginManagerMenuItem: Plugins Manager has upgrades: [jpgc-plugins-manager]
2023-12-24 20:17:23,643 INFO o.a.j.s.FileServer: Default base='/Users/Project/Turing/Java/JavaEE5thBatch'
2023-12-24 20:17:23,646 INFO o.a.j.g.a.Load: Loading file: /Users/Project/Turing/Java/JavaEE5thBatch/LoadTestMVC.jmx
2023-12-24 20:17:23,646 INFO o.a.j.s.FileServer: Set new base='/Users/Project/Turing/Java/JavaEE5thBatch'
2023-12-24 20:17:23,809 INFO o.a.j.s.SaveService: Testplan (JMX) version: 2.2. Testlog (JTL) version: 2.2
2023-12-24 20:17:23,815 INFO o.a.j.s.SaveService: Using SaveService properties version 5.0
2023-12-24 20:17:23,817 INFO o.a.j.s.SaveService: Using SaveService properties file encoding UTF-8
2023-12-24 20:17:23,818 INFO o.a.j.s.SaveService: Loading file: /Users/Project/Turing/Java/JavaEE5thBatch/LoadTestMVC.jmx
2023-12-24 20:17:23,929 INFO o.a.j.p.h.s.HTTPSamplerBase: Parser for text/html is org.apache.jmeter.protocol.http.parser.LagartoBasedHtmlParser
2023-12-24 20:17:23,929 INFO o.a.j.p.h.s.HTTPSamplerBase: Parser for application/xhtml+xml is org.apache.jmeter.protocol.http.parser.LagartoBasedHtmlParser
2023-12-24 20:17:23,929 INFO o.a.j.p.h.s.HTTPSamplerBase: Parser for application/xml is org.apache.jmeter.protocol.http.parser.LagartoBasedHtmlParser
2023-12-24 20:17:23,929 INFO o.a.j.p.h.s.HTTPSamplerBase: Parser for text/xml is org.apache.jmeter.protocol.http.parser.LagartoBasedHtmlParser
2023-12-24 20:17:23,930 INFO o.a.j.p.h.s.HTTPSamplerBase: Parser for text/vnd.wap.wml is org.apache.jmeter.protocol.http.parser.RegexpHTMLParser
2023-12-24 20:17:23,930 INFO o.a.j.p.h.s.HTTPSamplerBase: Parser for text/css is org.apache.jmeter.protocol.http.parser.CssParser
2023-12-24 20:17:24,097 INFO o.a.j.s.SampleResult: Note: Sample TimeStamps are START times
2023-12-24 20:17:24,097 INFO o.a.j.s.SampleResult: sampleresult.default.encoding is set to ISO-8859-1
2023-12-24 20:17:24,097 INFO o.a.j.s.SampleResult: sampleresult.useNanoTime=true
2023-12-24 20:17:24,098 INFO o.a.j.s.SampleResult: sampleresult.nanoThreadSleep=5000
2023-12-24 20:17:24,256 INFO o.a.j.v.ViewResultsFullVisualizer: Add JavaFX to your Java installation if you want to use renderer: org.apache.jmeter.visualizers.RenderInBrowser
2023-12-24 20:17:24,314 INFO o.a.j.s.FileServer: Set new base='/Users/Project/Turing/Java/JavaEE5thBatch'
